TN:
SF:src\websocket.js
FN:4,initializeWebSocket
FN:8,(anonymous_1)
FN:13,(anonymous_2)
FN:36,(anonymous_3)
FN:40,(anonymous_4)
FN:67,(anonymous_5)
FN:75,(anonymous_6)
FNF:7
FNH:1
FNDA:1,initializeWebSocket
FNDA:0,(anonymous_1)
FNDA:0,(anonymous_2)
FNDA:0,(anonymous_3)
FNDA:0,(anonymous_4)
FNDA:0,(anonymous_5)
FNDA:0,(anonymous_6)
DA:1,1
DA:2,1
DA:5,1
DA:6,1
DA:8,1
DA:9,0
DA:11,0
DA:13,0
DA:15,0
DA:16,0
DA:17,0
DA:18,0
DA:19,0
DA:20,0
DA:21,0
DA:24,0
DA:34,0
DA:37,0
DA:38,0
DA:41,0
DA:42,0
DA:46,0
DA:49,0
DA:50,0
DA:51,0
DA:52,0
DA:53,0
DA:57,0
DA:59,0
DA:61,0
DA:62,0
DA:67,0
DA:68,0
DA:69,0
DA:70,0
DA:71,0
DA:75,0
DA:76,0
DA:77,0
DA:78,0
DA:79,0
DA:84,1
DA:87,1
LF:43
LH:7
BRDA:15,0,0,0
BRDA:15,0,1,0
BRDA:18,1,0,0
BRDA:18,1,1,0
BRDA:20,2,0,0
BRDA:20,2,1,0
BRDA:26,3,0,0
BRDA:26,3,1,0
BRDA:27,4,0,0
BRDA:27,4,1,0
BRDA:38,5,0,0
BRDA:38,5,1,0
BRDA:41,6,0,0
BRDA:41,6,1,0
BRDA:41,7,0,0
BRDA:41,7,1,0
BRDA:49,8,0,0
BRDA:49,8,1,0
BRDA:51,9,0,0
BRDA:51,9,1,0
BRDA:59,10,0,0
BRDA:59,10,1,0
BRDA:61,11,0,0
BRDA:61,11,1,0
BRDA:69,12,0,0
BRDA:69,12,1,0
BRDA:77,13,0,0
BRDA:77,13,1,0
BRF:28
BRH:0
end_of_record
TN:
SF:src\config\database.js
FNF:0
FNH:0
DA:1,3
DA:2,3
DA:4,3
DA:6,3
DA:17,3
LF:5
LH:5
BRDA:7,0,0,3
BRDA:7,0,1,0
BRDA:8,1,0,3
BRDA:8,1,1,0
BRDA:9,2,0,3
BRDA:9,2,1,3
BRDA:9,2,2,0
BRDA:11,3,0,3
BRDA:11,3,1,0
BRDA:12,4,0,3
BRDA:12,4,1,0
BRF:11
BRH:6
end_of_record
TN:
SF:src\controllers\attendance.controller.js
FN:6,(anonymous_0)
FN:48,(anonymous_1)
FN:123,updateUserAttendanceStats
FN:148,(anonymous_3)
FN:169,(anonymous_4)
FN:186,(anonymous_5)
FN:204,(anonymous_6)
FN:218,calculateDistance
FNF:8
FNH:0
FNDA:0,(anonymous_0)
FNDA:0,(anonymous_1)
FNDA:0,updateUserAttendanceStats
FNDA:0,(anonymous_3)
FNDA:0,(anonymous_4)
FNDA:0,(anonymous_5)
FNDA:0,(anonymous_6)
FNDA:0,calculateDistance
DA:1,1
DA:2,1
DA:3,1
DA:4,1
DA:6,1
DA:7,0
DA:8,0
DA:11,0
DA:12,0
DA:16,0
DA:17,0
DA:18,0
DA:21,0
DA:22,0
DA:23,0
DA:24,0
DA:32,0
DA:42,0
DA:44,0
DA:48,1
DA:49,0
DA:50,0
DA:51,0
DA:54,0
DA:56,0
DA:57,0
DA:58,0
DA:62,0
DA:63,0
DA:64,0
DA:68,0
DA:69,0
DA:70,0
DA:73,0
DA:74,0
DA:75,0
DA:76,0
DA:85,0
DA:95,0
DA:108,0
DA:109,0
DA:111,0
DA:115,0
DA:117,0
DA:118,0
DA:124,0
DA:125,0
DA:127,0
DA:128,0
DA:139,0
DA:140,0
DA:148,1
DA:149,0
DA:150,0
DA:151,0
DA:162,0
DA:164,0
DA:165,0
DA:169,1
DA:170,0
DA:172,0
DA:174,0
DA:186,0
DA:197,0
DA:199,0
DA:200,0
DA:204,1
DA:205,0
DA:206,0
DA:208,0
DA:209,0
DA:211,0
DA:213,0
DA:219,0
DA:220,0
DA:221,0
DA:222,0
DA:223,0
DA:225,0
DA:228,0
DA:230,0
LF:81
LH:9
BRDA:11,0,0,0
BRDA:11,0,1,0
BRDA:17,1,0,0
BRDA:17,1,1,0
BRDA:21,2,0,0
BRDA:21,2,1,0
BRDA:21,3,0,0
BRDA:21,3,1,0
BRDA:21,3,2,0
BRDA:21,3,3,0
BRDA:23,4,0,0
BRDA:23,4,1,0
BRDA:36,5,0,0
BRDA:36,5,1,0
BRDA:54,6,0,0
BRDA:54,6,1,0
BRDA:56,7,0,0
BRDA:56,7,1,0
BRDA:63,8,0,0
BRDA:63,8,1,0
BRDA:68,9,0,0
BRDA:68,9,1,0
BRDA:69,10,0,0
BRDA:69,10,1,0
BRDA:73,11,0,0
BRDA:73,11,1,0
BRDA:73,12,0,0
BRDA:73,12,1,0
BRDA:73,12,2,0
BRDA:73,12,3,0
BRDA:75,13,0,0
BRDA:75,13,1,0
BRDA:89,14,0,0
BRDA:89,14,1,0
BRDA:98,15,0,0
BRDA:98,15,1,0
BRDA:127,16,0,0
BRDA:127,16,1,0
BRDA:140,17,0,0
BRDA:140,17,1,0
BRF:40
BRH:0
end_of_record
TN:
SF:src\controllers\authController.js
FN:8,(anonymous_0)
FN:17,(anonymous_1)
FN:30,(anonymous_2)
FN:92,(anonymous_3)
FN:134,(anonymous_4)
FN:183,(anonymous_5)
FN:203,(anonymous_6)
FNF:7
FNH:2
FNDA:0,(anonymous_0)
FNDA:0,(anonymous_1)
FNDA:2,(anonymous_2)
FNDA:0,(anonymous_3)
FNDA:0,(anonymous_4)
FNDA:0,(anonymous_5)
FNDA:3,(anonymous_6)
DA:1,2
DA:2,2
DA:3,2
DA:4,2
DA:5,2
DA:6,2
DA:8,2
DA:9,0
DA:17,2
DA:18,0
DA:22,0
DA:23,0
DA:24,0
DA:26,0
DA:27,0
DA:30,2
DA:31,2
DA:32,2
DA:33,2
DA:36,1
DA:37,1
DA:40,1
DA:43,1
DA:45,1
DA:48,1
DA:49,1
DA:50,1
DA:52,1
DA:54,0
DA:55,0
DA:70,0
DA:71,0
DA:72,0
DA:75,0
DA:77,0
DA:82,1
DA:87,0
DA:88,0
DA:92,2
DA:93,0
DA:97,0
DA:100,0
DA:101,0
DA:102,0
DA:106,0
DA:107,0
DA:108,0
DA:111,0
DA:112,0
DA:114,0
DA:120,0
DA:125,0
DA:126,0
DA:134,2
DA:135,0
DA:136,0
DA:139,0
DA:140,0
DA:141,0
DA:144,0
DA:145,0
DA:146,0
DA:149,0
DA:150,0
DA:153,0
DA:154,0
DA:155,0
DA:158,0
DA:160,0
DA:176,0
DA:177,0
DA:183,2
DA:184,0
DA:185,0
DA:187,0
DA:188,0
DA:191,0
DA:192,0
DA:198,0
DA:200,0
DA:203,2
DA:204,3
DA:205,3
DA:207,3
DA:208,3
DA:209,1
DA:212,2
DA:213,1
DA:216,1
DA:217,1
DA:218,1
DA:220,1
DA:222,0
DA:223,0
LF:94
LH:37
BRDA:11,0,0,0
BRDA:11,0,1,0
BRDA:22,1,0,0
BRDA:22,1,1,0
BRDA:23,2,0,0
BRDA:23,2,1,0
BRDA:24,3,0,0
BRDA:24,3,1,0
BRDA:33,4,0,1
BRDA:33,4,1,1
BRDA:52,5,0,0
BRDA:52,5,1,1
BRDA:71,6,0,0
BRDA:71,6,1,0
BRDA:77,7,0,0
BRDA:77,7,1,0
BRDA:84,8,0,0
BRDA:84,8,1,1
BRDA:87,9,0,0
BRDA:87,9,1,0
BRDA:101,10,0,0
BRDA:101,10,1,0
BRDA:107,11,0,0
BRDA:107,11,1,0
BRDA:129,12,0,0
BRDA:129,12,1,0
BRDA:140,13,0,0
BRDA:140,13,1,0
BRDA:145,14,0,0
BRDA:145,14,1,0
BRDA:149,15,0,0
BRDA:149,15,1,0
BRDA:149,16,0,0
BRDA:149,16,1,0
BRDA:154,17,0,0
BRDA:154,17,1,0
BRDA:187,18,0,0
BRDA:187,18,1,0
BRDA:191,19,0,0
BRDA:191,19,1,0
BRDA:208,20,0,1
BRDA:208,20,1,2
BRDA:212,21,0,1
BRDA:212,21,1,1
BRDA:212,22,0,2
BRDA:212,22,1,1
BRF:46
BRH:10
end_of_record
TN:
SF:src\controllers\bill.controller.js
FN:4,(anonymous_0)
FN:34,(anonymous_1)
FN:63,(anonymous_2)
FN:68,(anonymous_3)
FN:92,(anonymous_4)
FN:157,(anonymous_5)
FN:175,(anonymous_6)
FNF:7
FNH:0
FNDA:0,(anonymous_0)
FNDA:0,(anonymous_1)
FNDA:0,(anonymous_2)
FNDA:0,(anonymous_3)
FNDA:0,(anonymous_4)
FNDA:0,(anonymous_5)
FNDA:0,(anonymous_6)
DA:1,1
DA:2,1
DA:4,1
DA:5,0
DA:6,0
DA:9,0
DA:10,0
DA:11,0
DA:14,0
DA:15,0
DA:16,0
DA:18,0
DA:22,0
DA:27,0
DA:29,0
DA:30,0
DA:34,1
DA:35,0
DA:36,0
DA:37,0
DA:39,0
DA:42,0
DA:44,0
DA:47,0
DA:48,0
DA:51,0
DA:52,0
DA:53,0
DA:55,0
DA:57,0
DA:58,0
DA:63,1
DA:64,0
DA:65,0
DA:68,0
DA:69,0
DA:80,0
DA:89,0
DA:92,1
DA:93,0
DA:94,0
DA:95,0
DA:97,0
DA:98,0
DA:102,0
DA:103,0
DA:104,0
DA:106,0
DA:107,0
DA:108,0
DA:111,0
DA:115,0
DA:116,0
DA:119,0
DA:123,0
DA:125,0
DA:136,0
DA:139,0
DA:140,0
DA:144,1
DA:145,1
DA:148,1
DA:149,1
DA:154,0
DA:157,1
DA:158,0
DA:159,0
DA:161,0
DA:167,0
DA:168,0
DA:170,0
DA:171,0
DA:175,1
DA:176,0
DA:177,0
DA:178,0
DA:180,0
DA:181,0
DA:186,0
DA:190,0
DA:192,0
DA:202,0
DA:204,0
DA:205,0
DA:206,0
DA:207,0
DA:208,0
DA:209,0
DA:213,0
DA:219,0
DA:222,0
DA:223,0
DA:227,1
LF:93
LH:13
BRDA:10,0,0,0
BRDA:10,0,1,0
BRDA:15,1,0,0
BRDA:15,1,1,0
BRDA:42,2,0,0
BRDA:42,2,1,0
BRDA:47,3,0,0
BRDA:47,3,1,0
BRDA:95,4,0,0
BRDA:95,4,1,0
BRDA:97,5,0,0
BRDA:97,5,1,0
BRDA:103,6,0,0
BRDA:103,6,1,0
BRDA:104,7,0,0
BRDA:104,7,1,0
BRDA:107,8,0,0
BRDA:107,8,1,0
BRDA:115,9,0,0
BRDA:115,9,1,0
BRDA:123,10,0,0
BRDA:123,10,1,0
BRDA:127,11,0,0
BRDA:127,11,1,0
BRDA:148,12,0,1
BRDA:148,12,1,0
BRDA:148,13,0,1
BRDA:148,13,1,1
BRDA:159,14,0,0
BRDA:186,15,0,0
BRDA:186,15,1,0
BRDA:190,16,0,0
BRDA:190,16,1,0
BRDA:194,17,0,0
BRDA:194,17,1,0
BRDA:195,18,0,0
BRDA:195,18,1,0
BRDA:196,19,0,0
BRDA:196,19,1,0
BRDA:202,20,0,0
BRDA:202,20,1,0
BRDA:205,21,0,0
BRDA:205,21,1,0
BRF:43
BRH:3
end_of_record
TN:
SF:src\controllers\civicRequest.controller.js
FN:6,(anonymous_0)
FN:41,(anonymous_1)
FN:62,(anonymous_2)
FN:89,(anonymous_3)
FN:123,(anonymous_4)
FN:139,(anonymous_5)
FNF:6
FNH:0
FNDA:0,(anonymous_0)
FNDA:0,(anonymous_1)
FNDA:0,(anonymous_2)
FNDA:0,(anonymous_3)
FNDA:0,(anonymous_4)
FNDA:0,(anonymous_5)
DA:1,1
DA:2,1
DA:3,1
DA:4,1
DA:6,1
DA:7,0
DA:8,0
DA:9,0
DA:11,0
DA:12,0
DA:13,0
DA:16,0
DA:18,0
DA:19,0
DA:22,0
DA:32,0
DA:33,0
DA:41,0
DA:47,0
DA:48,0
DA:51,0
DA:54,0
DA:55,0
DA:57,0
DA:58,0
DA:62,1
DA:63,0
DA:64,0
DA:65,0
DA:66,0
DA:70,0
DA:71,0
DA:74,0
DA:82,0
DA:84,0
DA:85,0
DA:89,1
DA:90,0
DA:91,0
DA:92,0
DA:94,0
DA:96,0
DA:97,0
DA:100,0
DA:101,0
DA:103,0
DA:106,0
DA:107,0
DA:113,0
DA:116,0
DA:118,0
DA:119,0
DA:123,1
DA:124,0
DA:125,0
DA:126,0
DA:132,0
DA:134,0
DA:135,0
DA:139,1
DA:140,0
DA:141,0
DA:142,0
DA:143,0
DA:145,0
DA:146,0
DA:150,1
LF:67
LH:10
BRDA:11,0,0,0
BRDA:11,0,1,0
BRDA:11,1,0,0
BRDA:11,1,1,0
BRDA:18,2,0,0
BRDA:18,2,1,0
BRDA:18,3,0,0
BRDA:18,3,1,0
BRDA:18,3,2,0
BRDA:47,4,0,0
BRDA:47,4,1,0
BRDA:70,5,0,0
BRDA:70,5,1,0
BRDA:96,6,0,0
BRDA:96,6,1,0
BRDA:100,7,0,0
BRDA:100,7,1,0
BRDA:101,8,0,0
BRDA:101,8,1,0
BRF:19
BRH:0
end_of_record
TN:
SF:src\controllers\financial.controller.js
FN:5,(anonymous_0)
FN:17,(anonymous_1)
FN:29,(anonymous_2)
FN:52,(anonymous_3)
FN:81,(anonymous_4)
FN:115,(anonymous_5)
FN:132,(anonymous_6)
FNF:7
FNH:0
FNDA:0,(anonymous_0)
FNDA:0,(anonymous_1)
FNDA:0,(anonymous_2)
FNDA:0,(anonymous_3)
FNDA:0,(anonymous_4)
FNDA:0,(anonymous_5)
FNDA:0,(anonymous_6)
DA:1,1
DA:2,1
DA:3,1
DA:5,1
DA:6,0
DA:7,0
DA:8,0
DA:13,0
DA:15,0
DA:17,0
DA:18,0
DA:19,0
DA:20,0
DA:23,0
DA:25,0
DA:29,1
DA:30,0
DA:31,0
DA:32,0
DA:33,0
DA:35,0
DA:36,0
DA:38,0
DA:42,1
DA:43,1
DA:47,1
DA:52,1
DA:53,0
DA:54,0
DA:55,0
DA:57,0
DA:58,0
DA:63,0
DA:65,0
DA:72,0
DA:74,0
DA:76,0
DA:77,0
DA:81,1
DA:82,0
DA:83,0
DA:85,0
DA:87,0
DA:92,0
DA:94,0
DA:99,0
DA:105,0
DA:111,0
DA:115,1
DA:116,0
DA:117,0
DA:118,0
DA:126,0
DA:128,0
DA:132,1
DA:133,0
DA:134,0
DA:135,0
DA:139,0
DA:141,0
LF:60
LH:12
BRDA:13,0,0,0
BRDA:13,0,1,0
BRDA:18,1,0,0
BRDA:18,1,1,0
BRDA:33,2,0,0
BRDA:33,2,1,0
BRDA:36,3,0,0
BRDA:36,3,1,0
BRDA:48,4,0,1
BRDA:48,4,1,0
BRDA:49,5,0,1
BRDA:49,5,1,0
BRDA:57,6,0,0
BRDA:57,6,1,0
BRDA:57,7,0,0
BRDA:57,7,1,0
BRDA:57,7,2,0
BRDA:63,8,0,0
BRDA:88,9,0,0
BRDA:88,9,1,0
BRDA:94,10,0,0
BRDA:94,10,1,0
BRF:22
BRH:2
end_of_record
TN:
SF:src\controllers\healthController.js
FN:7,(anonymous_0)
FN:27,(anonymous_1)
FN:49,(anonymous_2)
FN:63,(anonymous_3)
FN:82,(anonymous_4)
FN:94,(anonymous_5)
FN:106,(anonymous_6)
FN:126,(anonymous_7)
FN:140,(anonymous_8)
FN:158,(anonymous_9)
FN:171,(anonymous_10)
FN:185,(anonymous_11)
FN:198,(anonymous_12)
FNF:13
FNH:0
FNDA:0,(anonymous_0)
FNDA:0,(anonymous_1)
FNDA:0,(anonymous_2)
FNDA:0,(anonymous_3)
FNDA:0,(anonymous_4)
FNDA:0,(anonymous_5)
FNDA:0,(anonymous_6)
FNDA:0,(anonymous_7)
FNDA:0,(anonymous_8)
FNDA:0,(anonymous_9)
FNDA:0,(anonymous_10)
FNDA:0,(anonymous_11)
FNDA:0,(anonymous_12)
DA:1,1
DA:2,1
DA:3,1
DA:4,1
DA:5,1
DA:7,1
DA:8,0
DA:9,0
DA:10,0
DA:20,0
DA:22,0
DA:23,0
DA:27,1
DA:28,0
DA:30,0
DA:31,0
DA:33,0
DA:35,0
DA:37,0
DA:42,0
DA:44,0
DA:45,0
DA:49,1
DA:50,0
DA:51,0
DA:55,0
DA:57,0
DA:63,1
DA:64,0
DA:65,0
DA:66,0
DA:75,0
DA:77,0
DA:78,0
DA:82,1
DA:83,0
DA:84,0
DA:88,0
DA:90,0
DA:94,1
DA:95,0
DA:96,0
DA:97,0
DA:98,0
DA:100,0
DA:106,1
DA:107,0
DA:108,0
DA:109,0
DA:119,0
DA:121,0
DA:122,0
DA:126,1
DA:127,0
DA:128,0
DA:132,0
DA:134,0
DA:140,1
DA:141,0
DA:142,0
DA:143,0
DA:151,0
DA:153,0
DA:154,0
DA:158,1
DA:159,0
DA:160,0
DA:164,0
DA:166,0
DA:167,0
DA:171,1
DA:172,0
DA:173,0
DA:174,0
DA:175,0
DA:177,0
DA:178,0
DA:180,0
DA:181,0
DA:185,1
DA:186,0
DA:187,0
DA:191,0
DA:193,0
DA:194,0
DA:198,1
DA:199,0
DA:200,0
DA:201,0
DA:203,0
DA:204,0
DA:206,0
DA:207,0
DA:208,0
DA:209,0
DA:210,0
DA:212,0
DA:213,0
DA:215,0
DA:216,0
LF:100
LH:18
BRDA:33,0,0,0
BRDA:33,0,1,0
BRDA:35,1,0,0
BRDA:35,1,1,0
BRDA:175,2,0,0
BRDA:175,2,1,0
BRDA:204,3,0,0
BRDA:204,3,1,0
BRDA:206,4,0,0
BRDA:206,4,1,0
BRDA:207,5,0,0
BRDA:207,5,1,0
BRDA:208,6,0,0
BRDA:208,6,1,0
BRDA:209,7,0,0
BRDA:209,7,1,0
BRF:16
BRH:0
end_of_record
TN:
SF:src\controllers\houseMessage.controller.js
FN:4,(anonymous_0)
FN:28,(anonymous_1)
FNF:2
FNH:0
FNDA:0,(anonymous_0)
FNDA:0,(anonymous_1)
DA:1,1
DA:2,1
DA:4,1
DA:5,0
DA:6,0
DA:9,0
DA:10,0
DA:11,0
DA:14,0
DA:21,0
DA:23,0
DA:24,0
DA:28,1
DA:29,0
DA:30,0
DA:31,0
DA:32,0
DA:35,0
DA:40,0
DA:42,0
DA:43,0
DA:47,1
LF:22
LH:5
BRDA:10,0,0,0
BRDA:10,0,1,0
BRDA:18,1,0,0
BRDA:18,1,1,0
BRDA:31,2,0,0
BRDA:31,2,1,0
BRF:6
BRH:0
end_of_record
TN:
SF:src\controllers\job.controller.js
FN:3,(anonymous_0)
FN:13,(anonymous_1)
FN:27,(anonymous_2)
FN:39,(anonymous_3)
FN:50,(anonymous_4)
FN:73,(anonymous_5)
FNF:6
FNH:0
FNDA:0,(anonymous_0)
FNDA:0,(anonymous_1)
FNDA:0,(anonymous_2)
FNDA:0,(anonymous_3)
FNDA:0,(anonymous_4)
FNDA:0,(anonymous_5)
DA:1,1
DA:3,1
DA:4,0
DA:5,0
DA:6,0
DA:7,0
DA:9,0
DA:13,1
DA:14,0
DA:15,0
DA:16,0
DA:17,0
DA:19,0
DA:23,1
DA:24,1
DA:25,1
DA:27,1
DA:28,0
DA:29,0
DA:32,0
DA:34,0
DA:35,0
DA:39,1
DA:40,0
DA:42,0
DA:43,0
DA:45,0
DA:46,0
DA:50,1
DA:51,0
DA:52,0
DA:54,0
DA:55,0
DA:58,0
DA:66,0
DA:68,0
DA:69,0
DA:73,1
DA:74,0
DA:75,0
DA:76,0
DA:78,0
DA:82,0
DA:84,0
DA:85,0
DA:89,1
LF:46
LH:11
BRDA:54,0,0,0
BRDA:54,0,1,0
BRDA:54,1,0,0
BRDA:54,1,1,0
BRDA:76,2,0,0
BRDA:76,2,1,0
BRF:6
BRH:0
end_of_record
TN:
SF:src\controllers\loan.controller.js
FN:8,(anonymous_0)
FN:47,(anonymous_1)
FN:92,(anonymous_2)
FN:122,(anonymous_3)
FN:177,(anonymous_4)
FN:260,(anonymous_5)
FNF:6
FNH:0
FNDA:0,(anonymous_0)
FNDA:0,(anonymous_1)
FNDA:0,(anonymous_2)
FNDA:0,(anonymous_3)
FNDA:0,(anonymous_4)
FNDA:0,(anonymous_5)
DA:1,1
DA:2,1
DA:3,1
DA:4,1
DA:5,1
DA:6,1
DA:8,1
DA:9,0
DA:10,0
DA:13,0
DA:14,0
DA:16,0
DA:17,0
DA:21,0
DA:24,0
DA:35,0
DA:41,0
DA:42,0
DA:47,1
DA:48,0
DA:49,0
DA:51,0
DA:52,0
DA:55,0
DA:56,0
DA:58,0
DA:64,0
DA:65,0
DA:67,0
DA:68,0
DA:70,0
DA:74,0
DA:76,0
DA:78,0
DA:79,0
DA:82,0
DA:84,0
DA:88,0
DA:92,1
DA:93,0
DA:94,0
DA:95,0
DA:96,0
DA:97,0
DA:99,0
DA:110,0
DA:111,0
DA:112,0
DA:116,0
DA:118,0
DA:122,1
DA:123,0
DA:124,0
DA:125,0
DA:126,0
DA:128,0
DA:129,0
DA:130,0
DA:131,0
DA:134,0
DA:135,0
DA:138,0
DA:139,0
DA:140,0
DA:144,0
DA:145,0
DA:148,0
DA:157,0
DA:158,0
DA:159,0
DA:161,0
DA:164,0
DA:166,0
DA:167,0
DA:169,0
DA:171,0
DA:172,0
DA:173,0
DA:177,1
DA:178,0
DA:179,0
DA:180,0
DA:181,0
DA:183,0
DA:184,0
DA:185,0
DA:186,0
DA:189,0
DA:191,0
DA:194,0
DA:195,0
DA:196,0
DA:197,0
DA:199,0
DA:200,0
DA:205,0
DA:206,0
DA:211,0
DA:212,0
DA:213,0
DA:216,0
DA:219,0
DA:220,0
DA:223,0
DA:233,0
DA:234,0
DA:236,0
DA:237,0
DA:242,0
DA:244,0
DA:248,0
DA:250,0
DA:251,0
DA:254,0
DA:255,0
DA:256,0
DA:260,1
DA:261,0
DA:262,0
DA:263,0
DA:265,0
DA:267,0
DA:269,0
DA:275,0
DA:277,0
DA:279,0
DA:280,0
LF:127
LH:12
BRDA:16,0,0,0
BRDA:16,0,1,0
BRDA:16,1,0,0
BRDA:16,1,1,0
BRDA:49,2,0,0
BRDA:49,2,1,0
BRDA:52,3,0,0
BRDA:52,3,1,0
BRDA:58,4,0,0
BRDA:58,4,1,0
BRDA:65,5,0,0
BRDA:65,5,1,0
BRDA:70,6,0,0
BRDA:70,6,1,0
BRDA:96,7,0,0
BRDA:96,7,1,0
BRDA:97,8,0,0
BRDA:97,8,1,0
BRDA:111,9,0,0
BRDA:111,9,1,0
BRDA:129,10,0,0
BRDA:129,10,1,0
BRDA:134,11,0,0
BRDA:134,11,1,0
BRDA:138,12,0,0
BRDA:138,12,1,0
BRDA:164,13,0,0
BRDA:164,13,1,0
BRDA:184,14,0,0
BRDA:184,14,1,0
BRDA:194,15,0,0
BRDA:194,15,1,0
BRDA:195,16,0,0
BRDA:195,16,1,0
BRDA:205,17,0,0
BRDA:205,17,1,0
BRDA:211,18,0,0
BRDA:211,18,1,0
BRDA:265,19,0,0
BRDA:265,19,1,0
BRDA:272,20,0,0
BRDA:272,20,1,0
BRF:42
BRH:0
end_of_record
TN:
SF:src\controllers\meeting.controller.js
FN:5,(anonymous_0)
FN:34,(anonymous_1)
FN:78,(anonymous_2)
FN:98,(anonymous_3)
FN:171,(anonymous_4)
FN:186,(anonymous_5)
FN:202,(anonymous_6)
FNF:7
FNH:0
FNDA:0,(anonymous_0)
FNDA:0,(anonymous_1)
FNDA:0,(anonymous_2)
FNDA:0,(anonymous_3)
FNDA:0,(anonymous_4)
FNDA:0,(anonymous_5)
FNDA:0,(anonymous_6)
DA:1,1
DA:2,1
DA:3,1
DA:5,1
DA:6,0
DA:7,0
DA:8,0
DA:22,0
DA:24,0
DA:30,0
DA:34,1
DA:35,0
DA:36,0
DA:38,0
DA:39,0
DA:41,0
DA:42,0
DA:44,0
DA:45,0
DA:54,0
DA:55,0
DA:67,0
DA:72,0
DA:74,0
DA:78,1
DA:79,0
DA:80,0
DA:82,0
DA:83,0
DA:84,0
DA:86,0
DA:91,0
DA:97,0
DA:98,0
DA:99,0
DA:100,0
DA:101,0
DA:103,0
DA:104,0
DA:106,0
DA:107,0
DA:108,0
DA:109,0
DA:110,0
DA:111,0
DA:113,0
DA:115,0
DA:116,0
DA:117,0
DA:119,0
DA:122,0
DA:123,0
DA:126,0
DA:129,0
DA:132,0
DA:134,0
DA:140,0
DA:142,0
DA:145,0
DA:146,0
DA:147,0
DA:148,0
DA:149,0
DA:150,0
DA:151,0
DA:154,0
DA:161,0
DA:166,0
DA:167,0
DA:171,1
DA:172,0
DA:173,0
DA:174,0
DA:176,0
DA:177,0
DA:180,0
DA:182,0
DA:186,1
DA:187,0
DA:188,0
DA:189,0
DA:190,0
DA:191,0
DA:193,0
DA:198,0
DA:202,1
DA:203,0
DA:204,0
DA:205,0
DA:206,0
DA:207,0
DA:211,0
DA:213,0
DA:214,0
DA:216,0
LF:95
LH:9
BRDA:16,0,0,0
BRDA:16,0,1,0
BRDA:39,1,0,0
BRDA:39,1,1,0
BRDA:44,2,0,0
BRDA:44,2,1,0
BRDA:54,3,0,0
BRDA:54,3,1,0
BRDA:83,4,0,0
BRDA:83,4,1,0
BRDA:106,5,0,0
BRDA:106,5,1,0
BRDA:106,6,0,0
BRDA:106,6,1,0
BRDA:109,7,0,0
BRDA:109,7,1,0
BRDA:113,8,0,0
BRDA:113,8,1,0
BRDA:115,9,0,0
BRDA:115,9,1,0
BRDA:115,10,0,0
BRDA:115,10,1,0
BRDA:126,11,0,0
BRDA:126,11,1,0
BRDA:146,12,0,0
BRDA:146,12,1,0
BRDA:146,13,0,0
BRDA:146,13,1,0
BRDA:146,13,2,0
BRDA:148,14,0,0
BRDA:148,14,1,0
BRDA:150,15,0,0
BRDA:150,15,1,0
BRDA:176,16,0,0
BRDA:176,16,1,0
BRDA:190,17,0,0
BRDA:190,17,1,0
BRDA:194,18,0,0
BRDA:194,18,1,0
BRDA:195,19,0,0
BRDA:195,19,1,0
BRDA:206,20,0,0
BRDA:206,20,1,0
BRF:43
BRH:0
end_of_record
TN:
SF:src\controllers\member.controller.js
FN:5,(anonymous_0)
FN:22,(anonymous_1)
FN:58,(anonymous_2)
FN:75,(anonymous_3)
FNF:4
FNH:0
FNDA:0,(anonymous_0)
FNDA:0,(anonymous_1)
FNDA:0,(anonymous_2)
FNDA:0,(anonymous_3)
DA:1,1
DA:2,1
DA:3,1
DA:5,1
DA:6,0
DA:7,0
DA:8,0
DA:15,0
DA:16,0
DA:18,0
DA:22,1
DA:23,0
DA:24,0
DA:28,0
DA:30,0
DA:40,0
DA:42,0
DA:43,0
DA:47,1
DA:48,1
DA:49,1
DA:50,1
DA:51,1
DA:52,1
DA:53,1
DA:54,1
DA:55,1
DA:56,1
DA:58,1
DA:59,0
DA:60,0
DA:61,0
DA:62,0
DA:63,0
DA:66,0
DA:67,0
DA:69,0
DA:71,0
DA:75,1
DA:76,0
DA:77,0
DA:78,0
DA:79,0
DA:80,0
DA:83,0
DA:87,0
DA:88,0
DA:89,0
DA:90,0
DA:91,0
DA:94,0
DA:97,0
DA:98,0
DA:101,0
DA:102,0
DA:103,0
DA:107,0
DA:108,0
DA:110,0
DA:112,0
DA:113,0
LF:61
LH:17
BRDA:7,0,0,0
BRDA:7,0,1,0
BRDA:15,1,0,0
BRDA:15,1,1,0
BRDA:35,2,0,0
BRDA:35,2,1,0
BRDA:62,3,0,0
BRDA:62,3,1,0
BRDA:79,4,0,0
BRDA:79,4,1,0
BRF:10
BRH:0
end_of_record
TN:
SF:src\controllers\report.controller.js
FN:11,(anonymous_0)
FN:58,(anonymous_1)
FN:94,(anonymous_2)
FN:95,(anonymous_3)
FN:98,(anonymous_4)
FN:108,(anonymous_5)
FN:135,(anonymous_6)
FN:149,(anonymous_7)
FN:150,(anonymous_8)
FN:151,(anonymous_9)
FN:152,(anonymous_10)
FN:153,(anonymous_11)
FN:154,(anonymous_12)
FN:155,(anonymous_13)
FN:158,(anonymous_14)
FN:196,(anonymous_15)
FN:206,(anonymous_16)
FN:207,(anonymous_17)
FN:212,(anonymous_18)
FN:220,(anonymous_19)
FN:237,(anonymous_20)
FN:262,(anonymous_21)
FN:263,(anonymous_22)
FN:264,(anonymous_23)
FN:274,(anonymous_24)
FN:281,(anonymous_25)
FN:282,(anonymous_26)
FN:283,(anonymous_27)
FN:300,getValidNotifications
FNF:29
FNH:0
FNDA:0,(anonymous_0)
FNDA:0,(anonymous_1)
FNDA:0,(anonymous_2)
FNDA:0,(anonymous_3)
FNDA:0,(anonymous_4)
FNDA:0,(anonymous_5)
FNDA:0,(anonymous_6)
FNDA:0,(anonymous_7)
FNDA:0,(anonymous_8)
FNDA:0,(anonymous_9)
FNDA:0,(anonymous_10)
FNDA:0,(anonymous_11)
FNDA:0,(anonymous_12)
FNDA:0,(anonymous_13)
FNDA:0,(anonymous_14)
FNDA:0,(anonymous_15)
FNDA:0,(anonymous_16)
FNDA:0,(anonymous_17)
FNDA:0,(anonymous_18)
FNDA:0,(anonymous_19)
FNDA:0,(anonymous_20)
FNDA:0,(anonymous_21)
FNDA:0,(anonymous_22)
FNDA:0,(anonymous_23)
FNDA:0,(anonymous_24)
FNDA:0,(anonymous_25)
FNDA:0,(anonymous_26)
FNDA:0,(anonymous_27)
FNDA:0,getValidNotifications
DA:1,1
DA:2,1
DA:3,1
DA:4,1
DA:5,1
DA:6,1
DA:7,1
DA:8,1
DA:9,1
DA:11,1
DA:12,0
DA:13,0
DA:14,0
DA:15,0
DA:17,0
DA:18,0
DA:20,0
DA:21,0
DA:29,0
DA:30,0
DA:32,0
DA:33,0
DA:34,0
DA:36,0
DA:37,0
DA:41,0
DA:54,0
DA:58,1
DA:59,0
DA:60,0
DA:61,0
DA:63,0
DA:65,0
DA:66,0
DA:68,0
DA:69,0
DA:72,0
DA:73,0
DA:74,0
DA:76,0
DA:77,0
DA:78,0
DA:80,0
DA:90,0
DA:91,0
DA:93,0
DA:94,0
DA:95,0
DA:97,0
DA:98,0
DA:99,0
DA:100,0
DA:101,0
DA:104,0
DA:108,0
DA:110,0
DA:112,0
DA:131,0
DA:135,1
DA:136,0
DA:137,0
DA:138,0
DA:140,0
DA:142,0
DA:143,0
DA:148,0
DA:149,0
DA:150,0
DA:151,0
DA:152,0
DA:153,0
DA:154,0
DA:155,0
DA:157,0
DA:158,0
DA:185,0
DA:187,0
DA:189,0
DA:195,0
DA:196,0
DA:205,0
DA:206,0
DA:207,0
DA:208,0
DA:211,0
DA:212,0
DA:213,0
DA:214,0
DA:215,0
DA:216,0
DA:217,0
DA:220,0
DA:228,0
DA:237,0
DA:244,0
DA:245,0
DA:246,0
DA:247,0
DA:248,0
DA:254,0
DA:257,0
DA:262,0
DA:263,0
DA:264,0
DA:266,0
DA:274,0
DA:281,0
DA:282,0
DA:283,0
DA:287,0
DA:290,0
DA:291,0
DA:294,0
DA:295,0
DA:301,0
DA:302,0
DA:307,0
DA:308,0
DA:310,0
DA:311,0
DA:312,0
DA:313,0
DA:314,0
DA:315,0
DA:316,0
DA:317,0
DA:318,0
DA:322,0
DA:325,0
DA:326,0
DA:331,0
DA:333,0
DA:334,0
LF:133
LH:12
BRDA:14,0,0,0
BRDA:14,0,1,0
BRDA:15,1,0,0
BRDA:15,1,1,0
BRDA:32,2,0,0
BRDA:32,2,1,0
BRDA:33,3,0,0
BRDA:33,3,1,0
BRDA:37,4,0,0
BRDA:37,4,1,0
BRDA:37,5,0,0
BRDA:37,5,1,0
BRDA:63,6,0,0
BRDA:63,6,1,0
BRDA:66,7,0,0
BRDA:66,7,1,0
BRDA:76,8,0,0
BRDA:76,8,1,0
BRDA:78,9,0,0
BRDA:78,9,1,0
BRDA:100,10,0,0
BRDA:100,10,1,0
BRDA:101,11,0,0
BRDA:101,11,1,0
BRDA:138,12,0,0
BRDA:138,12,1,0
BRDA:142,13,0,0
BRDA:142,13,1,0
BRDA:149,14,0,0
BRDA:149,14,1,0
BRDA:150,15,0,0
BRDA:150,15,1,0
BRDA:151,16,0,0
BRDA:151,16,1,0
BRDA:160,17,0,0
BRDA:160,17,1,0
BRDA:168,18,0,0
BRDA:168,18,1,0
BRDA:181,19,0,0
BRDA:181,19,1,0
BRDA:185,20,0,0
BRDA:185,20,1,0
BRDA:187,21,0,0
BRDA:187,21,1,0
BRDA:196,22,0,0
BRDA:196,22,1,0
BRDA:213,23,0,0
BRDA:213,23,1,0
BRDA:214,24,0,0
BRDA:214,24,1,0
BRDA:216,25,0,0
BRDA:216,25,1,0
BRDA:225,26,0,0
BRDA:225,26,1,0
BRDA:234,27,0,0
BRDA:234,27,1,0
BRDA:244,28,0,0
BRDA:244,28,1,0
BRDA:262,29,0,0
BRDA:262,29,1,0
BRDA:263,30,0,0
BRDA:263,30,1,0
BRDA:264,31,0,0
BRDA:264,31,1,0
BRDA:272,32,0,0
BRDA:272,32,1,0
BRDA:311,33,0,0
BRDA:311,33,1,0
BRDA:313,34,0,0
BRDA:313,34,1,0
BRDA:313,35,0,0
BRDA:313,35,1,0
BRDA:316,36,0,0
BRDA:316,36,1,0
BRDA:316,37,0,0
BRDA:316,37,1,0
BRDA:316,37,2,0
BRDA:316,37,3,0
BRDA:316,37,4,0
BRDA:325,38,0,0
BRDA:325,38,1,0
BRF:81
BRH:0
end_of_record
TN:
SF:src\controllers\shopController.js
FN:22,(anonymous_0)
FN:42,(anonymous_1)
FN:65,(anonymous_2)
FN:75,(anonymous_3)
FN:104,(anonymous_4)
FN:119,(anonymous_5)
FN:143,(anonymous_6)
FN:166,(anonymous_7)
FN:177,(anonymous_8)
FN:190,(anonymous_9)
FN:218,(anonymous_10)
FN:240,(anonymous_11)
FN:252,(anonymous_12)
FN:277,(anonymous_13)
FN:292,(anonymous_14)
FN:324,(anonymous_15)
FN:337,(anonymous_16)
FN:364,(anonymous_17)
FNF:18
FNH:0
FNDA:0,(anonymous_0)
FNDA:0,(anonymous_1)
FNDA:0,(anonymous_2)
FNDA:0,(anonymous_3)
FNDA:0,(anonymous_4)
FNDA:0,(anonymous_5)
FNDA:0,(anonymous_6)
FNDA:0,(anonymous_7)
FNDA:0,(anonymous_8)
FNDA:0,(anonymous_9)
FNDA:0,(anonymous_10)
FNDA:0,(anonymous_11)
FNDA:0,(anonymous_12)
FNDA:0,(anonymous_13)
FNDA:0,(anonymous_14)
FNDA:0,(anonymous_15)
FNDA:0,(anonymous_16)
FNDA:0,(anonymous_17)
DA:1,1
DA:2,1
DA:3,1
DA:4,1
DA:5,1
DA:6,1
DA:7,1
DA:9,1
DA:11,1
DA:12,1
DA:20,1
DA:23,0
DA:24,0
DA:25,0
DA:30,0
DA:31,0
DA:33,0
DA:34,0
DA:36,0
DA:37,0
DA:43,0
DA:44,0
DA:45,0
DA:47,0
DA:48,0
DA:49,0
DA:50,0
DA:53,0
DA:58,0
DA:60,0
DA:61,0
DA:66,0
DA:67,0
DA:68,0
DA:70,0
DA:71,0
DA:76,0
DA:77,0
DA:78,0
DA:79,0
DA:81,0
DA:82,0
DA:83,0
DA:84,0
DA:85,0
DA:90,0
DA:93,0
DA:94,0
DA:96,0
DA:97,0
DA:99,0
DA:100,0
DA:105,0
DA:106,0
DA:107,0
DA:108,0
DA:110,0
DA:111,0
DA:113,0
DA:114,0
DA:120,0
DA:122,0
DA:136,0
DA:138,0
DA:139,0
DA:144,0
DA:145,0
DA:146,0
DA:149,0
DA:154,0
DA:156,0
DA:157,0
DA:158,0
DA:160,0
DA:161,0
DA:167,0
DA:168,0
DA:169,0
DA:171,0
DA:172,0
DA:178,0
DA:179,0
DA:183,0
DA:185,0
DA:186,0
DA:191,0
DA:192,0
DA:193,0
DA:197,0
DA:198,0
DA:199,0
DA:201,0
DA:211,0
DA:213,0
DA:214,0
DA:219,0
DA:220,0
DA:221,0
DA:223,0
DA:224,0
DA:226,0
DA:227,0
DA:228,0
DA:231,0
DA:232,0
DA:233,0
DA:235,0
DA:236,0
DA:241,0
DA:242,0
DA:243,0
DA:244,0
DA:246,0
DA:247,0
DA:253,0
DA:254,0
DA:255,0
DA:257,0
DA:258,0
DA:261,0
DA:262,0
DA:264,0
DA:270,0
DA:271,0
DA:272,0
DA:276,0
DA:277,0
DA:278,0
DA:279,0
DA:283,0
DA:292,0
DA:300,0
DA:303,0
DA:308,0
DA:310,0
DA:317,0
DA:318,0
DA:319,0
DA:325,0
DA:326,0
DA:330,0
DA:332,0
DA:333,0
DA:338,0
DA:339,0
DA:341,0
DA:345,0
DA:346,0
DA:349,0
DA:357,0
DA:359,0
DA:360,0
DA:365,0
DA:366,0
DA:367,0
DA:368,0
DA:370,0
DA:371,0
DA:376,1
LF:159
LH:12
BRDA:11,0,0,1
BRDA:11,0,1,0
BRDA:11,1,0,1
BRDA:11,1,1,1
BRDA:30,2,0,0
BRDA:30,2,1,0
BRDA:44,3,0,0
BRDA:44,3,1,0
BRDA:48,4,0,0
BRDA:48,4,1,0
BRDA:79,5,0,0
BRDA:79,5,1,0
BRDA:82,6,0,0
BRDA:82,6,1,0
BRDA:85,7,0,0
BRDA:85,7,1,0
BRDA:94,8,0,0
BRDA:94,8,1,0
BRDA:108,9,0,0
BRDA:108,9,1,0
BRDA:154,10,0,0
BRDA:154,10,1,0
BRDA:197,11,0,0
BRDA:197,11,1,0
BRDA:224,12,0,0
BRDA:224,12,1,0
BRDA:226,13,0,0
BRDA:226,13,1,0
BRDA:257,14,0,0
BRDA:257,14,1,0
BRDA:270,15,0,0
BRDA:270,15,1,0
BRDA:278,16,0,0
BRDA:278,16,1,0
BRDA:286,17,0,0
BRDA:286,17,1,0
BRDA:286,17,2,0
BRDA:287,18,0,0
BRDA:287,18,1,0
BRDA:296,19,0,0
BRDA:296,19,1,0
BRDA:345,20,0,0
BRDA:345,20,1,0
BRF:43
BRH:3
end_of_record
TN:
SF:src\controllers\user.controller.js
FN:5,(anonymous_0)
FN:44,(anonymous_1)
FN:54,(anonymous_2)
FN:67,(anonymous_3)
FN:76,(anonymous_4)
FN:83,(anonymous_5)
FNF:6
FNH:0
FNDA:0,(anonymous_0)
FNDA:0,(anonymous_1)
FNDA:0,(anonymous_2)
FNDA:0,(anonymous_3)
FNDA:0,(anonymous_4)
FNDA:0,(anonymous_5)
DA:1,2
DA:3,2
DA:5,2
DA:6,0
DA:7,0
DA:11,0
DA:13,0
DA:14,0
DA:16,0
DA:17,0
DA:18,0
DA:19,0
DA:20,0
DA:21,0
DA:22,0
DA:23,0
DA:25,0
DA:28,0
DA:30,0
DA:31,0
DA:32,0
DA:34,0
DA:39,0
DA:40,0
DA:44,2
DA:45,0
DA:46,0
DA:47,0
DA:48,0
DA:50,0
DA:54,2
DA:55,0
DA:56,0
DA:67,0
DA:69,0
DA:71,0
DA:72,0
DA:76,2
DA:77,0
DA:82,0
DA:83,0
DA:85,0
DA:86,0
DA:89,0
DA:92,2
LF:45
LH:7
BRDA:14,0,0,0
BRDA:14,0,1,0
BRDA:16,1,0,0
BRDA:16,1,1,0
BRDA:17,2,0,0
BRDA:17,2,1,0
BRDA:18,3,0,0
BRDA:18,3,1,0
BRDA:19,4,0,0
BRDA:19,4,1,0
BRDA:20,5,0,0
BRDA:20,5,1,0
BRDA:21,6,0,0
BRDA:21,6,1,0
BRDA:22,7,0,0
BRDA:22,7,1,0
BRDA:23,8,0,0
BRDA:23,8,1,0
BRDA:85,9,0,0
BRDA:85,9,1,0
BRDA:85,10,0,0
BRDA:85,10,1,0
BRDA:85,10,2,0
BRF:23
BRH:0
end_of_record
TN:
SF:src\controllers\wasteAi.controller.js
FN:4,(anonymous_0)
FN:30,(anonymous_1)
FNF:2
FNH:0
FNDA:0,(anonymous_0)
FNDA:0,(anonymous_1)
DA:4,1
DA:5,0
DA:6,0
DA:9,0
DA:10,0
DA:11,0
DA:13,0
DA:15,0
DA:16,0
DA:17,0
DA:18,0
DA:19,0
DA:20,0
DA:21,0
DA:22,0
DA:23,0
DA:24,0
DA:25,0
DA:26,0
DA:30,0
DA:32,0
DA:40,0
DA:41,0
DA:45,1
LF:24
LH:2
BRDA:13,0,0,0
BRDA:13,0,1,0
BRDA:15,1,0,0
BRDA:15,1,1,0
BRDA:15,2,0,0
BRDA:15,2,1,0
BRDA:15,2,2,0
BRDA:19,3,0,0
BRDA:19,3,1,0
BRDA:19,4,0,0
BRDA:19,4,1,0
BRDA:19,4,2,0
BRDA:23,5,0,0
BRDA:23,5,1,0
BRDA:23,6,0,0
BRDA:23,6,1,0
BRDA:23,6,2,0
BRF:17
BRH:0
end_of_record
TN:
SF:src\controllers\wasteComplaint.controller.js
FN:4,(anonymous_0)
FN:28,(anonymous_1)
FN:49,(anonymous_2)
FN:77,(anonymous_3)
FNF:4
FNH:0
FNDA:0,(anonymous_0)
FNDA:0,(anonymous_1)
FNDA:0,(anonymous_2)
FNDA:0,(anonymous_3)
DA:1,1
DA:2,1
DA:4,1
DA:5,0
DA:6,0
DA:7,0
DA:8,0
DA:10,0
DA:21,0
DA:23,0
DA:24,0
DA:28,1
DA:29,0
DA:30,0
DA:31,0
DA:33,0
DA:34,0
DA:37,0
DA:41,0
DA:44,0
DA:45,0
DA:49,1
DA:50,0
DA:52,0
DA:53,0
DA:54,0
DA:56,0
DA:57,0
DA:59,0
DA:60,0
DA:62,0
DA:63,0
DA:64,0
DA:65,0
DA:66,0
DA:68,0
DA:70,0
DA:72,0
DA:73,0
DA:77,1
DA:78,0
DA:79,0
DA:80,0
DA:81,0
DA:83,0
DA:85,0
DA:86,0
DA:88,0
DA:89,0
DA:91,0
DA:92,0
DA:96,1
LF:52
LH:7
BRDA:31,0,0,0
BRDA:31,0,1,0
BRDA:53,1,0,0
BRDA:53,1,1,0
BRDA:60,2,0,0
BRDA:60,2,1,0
BRDA:62,3,0,0
BRDA:62,3,1,0
BRDA:63,4,0,0
BRDA:63,4,1,0
BRDA:64,5,0,0
BRDA:64,5,1,0
BRDA:65,6,0,0
BRDA:65,6,1,0
BRDA:65,7,0,0
BRDA:65,7,1,0
BRDA:80,8,0,0
BRDA:80,8,1,0
BRDA:86,9,0,0
BRDA:86,9,1,0
BRF:20
BRH:0
end_of_record
TN:
SF:src\controllers\wastePickup.controller.js
FN:5,(anonymous_0)
FN:38,(anonymous_1)
FN:72,(anonymous_2)
FN:114,(anonymous_3)
FN:134,(anonymous_4)
FN:158,(anonymous_5)
FN:181,(anonymous_6)
FNF:7
FNH:0
FNDA:0,(anonymous_0)
FNDA:0,(anonymous_1)
FNDA:0,(anonymous_2)
FNDA:0,(anonymous_3)
FNDA:0,(anonymous_4)
FNDA:0,(anonymous_5)
FNDA:0,(anonymous_6)
DA:1,1
DA:2,1
DA:3,1
DA:5,1
DA:6,0
DA:7,0
DA:8,0
DA:9,0
DA:11,0
DA:13,0
DA:16,0
DA:31,0
DA:33,0
DA:34,0
DA:38,1
DA:39,0
DA:40,0
DA:41,0
DA:42,0
DA:45,0
DA:47,0
DA:61,0
DA:63,0
DA:64,0
DA:72,1
DA:73,0
DA:74,0
DA:75,0
DA:78,0
DA:82,0
DA:85,0
DA:87,0
DA:93,0
DA:94,0
DA:102,0
DA:106,0
DA:109,0
DA:110,0
DA:114,1
DA:115,0
DA:116,0
DA:117,0
DA:119,0
DA:124,0
DA:125,0
DA:127,0
DA:129,0
DA:130,0
DA:134,1
DA:135,0
DA:136,0
DA:137,0
DA:138,0
DA:141,0
DA:151,0
DA:153,0
DA:154,0
DA:158,1
DA:159,0
DA:160,0
DA:161,0
DA:162,0
DA:164,0
DA:165,0
DA:167,0
DA:168,0
DA:170,0
DA:171,0
DA:172,0
DA:174,0
DA:176,0
DA:177,0
DA:181,1
DA:182,0
DA:183,0
DA:184,0
DA:187,0
DA:188,0
DA:191,0
DA:192,0
DA:195,0
DA:196,0
DA:197,0
DA:198,0
DA:199,0
DA:203,0
DA:204,0
DA:207,0
DA:208,0
DA:210,0
DA:211,0
DA:215,1
LF:92
LH:11
BRDA:11,0,0,0
BRDA:11,0,1,0
BRDA:11,1,0,0
BRDA:11,1,1,0
BRDA:13,2,0,0
BRDA:13,2,1,0
BRDA:26,3,0,0
BRDA:26,3,1,0
BRDA:41,4,0,0
BRDA:41,4,1,0
BRDA:56,5,0,0
BRDA:56,5,1,0
BRDA:75,6,0,0
BRDA:75,6,1,0
BRDA:93,7,0,0
BRDA:93,7,1,0
BRDA:119,8,0,0
BRDA:119,8,1,0
BRDA:137,9,0,0
BRDA:137,9,1,0
BRDA:137,10,0,0
BRDA:137,10,1,0
BRDA:161,11,0,0
BRDA:161,11,1,0
BRDA:168,12,0,0
BRDA:168,12,1,0
BRDA:170,13,0,0
BRDA:170,13,1,0
BRDA:171,14,0,0
BRDA:171,14,1,0
BRDA:188,15,0,0
BRDA:188,15,1,0
BRDA:196,16,0,0
BRDA:196,16,1,0
BRDA:196,17,0,0
BRDA:196,17,1,0
BRDA:198,18,0,0
BRDA:198,18,1,0
BRDA:198,19,0,0
BRDA:198,19,1,0
BRDA:198,19,2,0
BRDA:198,19,3,0
BRDA:203,20,0,0
BRDA:203,20,1,0
BRDA:203,21,0,0
BRDA:203,21,1,0
BRDA:203,21,2,0
BRF:47
BRH:0
end_of_record
TN:
SF:src\middleware\auth.js
FN:4,(anonymous_0)
FN:25,(anonymous_1)
FN:26,(anonymous_2)
FNF:3
FNH:1
FNDA:0,(anonymous_0)
FNDA:1,(anonymous_1)
FNDA:0,(anonymous_2)
DA:1,1
DA:2,1
DA:4,1
DA:5,0
DA:6,0
DA:7,0
DA:8,0
DA:11,0
DA:12,0
DA:14,0
DA:15,0
DA:18,0
DA:19,0
DA:21,0
DA:25,1
DA:26,1
DA:27,0
DA:28,0
DA:31,0
DA:33,0
DA:34,0
DA:35,0
DA:38,0
DA:39,0
DA:43,1
LF:25
LH:6
BRDA:7,0,0,0
BRDA:7,0,1,0
BRDA:11,1,0,0
BRDA:11,1,1,0
BRDA:14,2,0,0
BRDA:14,2,1,0
BRDA:25,3,0,0
BRDA:27,4,0,0
BRDA:27,4,1,0
BRDA:33,5,0,0
BRDA:33,5,1,0
BRDA:33,6,0,0
BRDA:33,6,1,0
BRF:13
BRH:0
end_of_record
TN:
SF:src\middleware\upload.js
FN:12,(anonymous_0)
FN:15,(anonymous_1)
FN:21,(anonymous_2)
FNF:3
FNH:0
FNDA:0,(anonymous_0)
FNDA:0,(anonymous_1)
FNDA:0,(anonymous_2)
DA:1,1
DA:2,1
DA:3,1
DA:6,1
DA:7,1
DA:8,0
DA:11,1
DA:13,0
DA:16,0
DA:17,0
DA:21,1
DA:23,0
DA:24,0
DA:26,0
DA:30,1
DA:37,1
DA:38,1
DA:40,1
LF:18
LH:11
BRDA:7,0,0,0
BRDA:7,0,1,1
BRDA:23,1,0,0
BRDA:23,1,1,0
BRF:4
BRH:1
end_of_record
TN:
SF:src\models\Application.js
FNF:0
FNH:0
DA:1,1
DA:2,1
DA:4,1
DA:43,1
LF:4
LH:4
BRF:0
BRH:0
end_of_record
TN:
SF:src\models\Attendance.js
FNF:0
FNH:0
DA:1,1
DA:2,1
DA:3,1
DA:4,1
DA:6,1
DA:65,1
LF:6
LH:6
BRF:0
BRH:0
end_of_record
TN:
SF:src\models\Bill.js
FNF:0
FNH:0
DA:1,1
DA:2,1
DA:4,1
DA:50,1
LF:4
LH:4
BRF:0
BRH:0
end_of_record
TN:
SF:src\models\CartItem.js
FNF:0
FNH:0
DA:1,1
DA:2,1
DA:4,1
DA:41,1
LF:4
LH:4
BRF:0
BRH:0
end_of_record
TN:
SF:src\models\CivicRequest.js
FNF:0
FNH:0
DA:1,1
DA:2,1
DA:4,1
DA:47,1
LF:4
LH:4
BRF:0
BRH:0
end_of_record
TN:
SF:src\models\DonationRequest.js
FNF:0
FNH:0
DA:1,1
DA:2,1
DA:4,1
DA:44,1
LF:4
LH:4
BRF:0
BRH:0
end_of_record
TN:
SF:src\models\FinancialTransaction.js
FNF:0
FNH:0
DA:1,1
DA:2,1
DA:3,1
DA:4,1
DA:6,1
DA:57,1
LF:6
LH:6
BRF:0
BRH:0
end_of_record
TN:
SF:src\models\HealthRecord.js
FNF:0
FNH:0
DA:1,1
DA:2,1
DA:4,1
DA:40,1
LF:4
LH:4
BRF:0
BRH:0
end_of_record
TN:
SF:src\models\HouseMessage.js
FNF:0
FNH:0
DA:1,1
DA:2,1
DA:4,1
DA:31,1
LF:4
LH:4
BRF:0
BRH:0
end_of_record
TN:
SF:src\models\JobAlert.js
FNF:0
FNH:0
DA:1,1
DA:2,1
DA:4,1
DA:43,1
LF:4
LH:4
BRF:0
BRH:0
end_of_record
TN:
SF:src\models\KudumbashreeGroup.js
FNF:0
FNH:0
DA:1,1
DA:2,1
DA:4,1
DA:36,1
LF:4
LH:4
BRF:0
BRH:0
end_of_record
TN:
SF:src\models\KudumbashreeProfile.js
FNF:0
FNH:0
DA:1,1
DA:2,1
DA:3,1
DA:4,1
DA:6,1
DA:52,1
LF:6
LH:6
BRF:0
BRH:0
end_of_record
TN:
SF:src\models\Loan.js
FNF:0
FNH:0
DA:1,1
DA:2,1
DA:3,1
DA:4,1
DA:6,1
DA:90,1
LF:6
LH:6
BRF:0
BRH:0
end_of_record
TN:
SF:src\models\MedicineReminder.js
FNF:0
FNH:0
DA:1,1
DA:2,1
DA:4,1
DA:44,1
LF:4
LH:4
BRF:0
BRH:0
end_of_record
TN:
SF:src\models\Meeting.js
FNF:0
FNH:0
DA:1,1
DA:2,1
DA:3,1
DA:5,1
DA:80,1
LF:5
LH:5
BRF:0
BRH:0
end_of_record
TN:
SF:src\models\Notification.js
FNF:0
FNH:0
DA:1,1
DA:2,1
DA:3,1
DA:5,1
DA:35,1
LF:5
LH:5
BRF:0
BRH:0
end_of_record
TN:
SF:src\models\OpBooking.js
FNF:0
FNH:0
DA:1,1
DA:2,1
DA:4,1
DA:52,1
LF:4
LH:4
BRF:0
BRH:0
end_of_record
TN:
SF:src\models\Order.js
FNF:0
FNH:0
DA:1,1
DA:2,1
DA:3,1
DA:5,1
DA:41,1
LF:5
LH:5
BRF:0
BRH:0
end_of_record
TN:
SF:src\models\OrderItem.js
FNF:0
FNH:0
DA:1,1
DA:2,1
DA:3,1
DA:4,1
DA:6,1
DA:47,1
LF:6
LH:6
BRF:0
BRH:0
end_of_record
TN:
SF:src\models\Otp.js
FNF:0
FNH:0
DA:1,2
DA:2,2
DA:4,2
DA:26,2
LF:4
LH:4
BRF:0
BRH:0
end_of_record
TN:
SF:src\models\Product.js
FNF:0
FNH:0
DA:1,1
DA:2,1
DA:3,1
DA:5,1
DA:69,1
LF:5
LH:5
BRF:0
BRH:0
end_of_record
TN:
SF:src\models\User.js
FNF:0
FNH:0
DA:1,2
DA:2,2
DA:4,2
DA:81,2
LF:4
LH:4
BRF:0
BRH:0
end_of_record
TN:
SF:src\models\WasteComplaint.js
FNF:0
FNH:0
DA:1,1
DA:2,1
DA:4,1
DA:57,1
LF:4
LH:4
BRF:0
BRH:0
end_of_record
TN:
SF:src\models\WastePickup.js
FNF:0
FNH:0
DA:1,1
DA:2,1
DA:4,1
DA:71,1
LF:4
LH:4
BRF:0
BRH:0
end_of_record
TN:
SF:src\models\WishlistItem.js
FNF:0
FNH:0
DA:1,1
DA:2,1
DA:4,1
DA:36,1
LF:4
LH:4
BRF:0
BRH:0
end_of_record
TN:
SF:src\models\booking.model.js
FNF:0
FNH:0
DA:1,1
DA:2,1
DA:4,1
DA:44,1
LF:4
LH:4
BRF:0
BRH:0
end_of_record
TN:
SF:src\models\vehicle.model.js
FNF:0
FNH:0
DA:1,1
DA:2,1
DA:4,1
DA:57,1
LF:4
LH:4
BRF:0
BRH:0
end_of_record
TN:
SF:src\routes\attendanceRoutes.js
FNF:0
FNH:0
DA:1,1
DA:2,1
DA:3,1
DA:5,1
DA:6,1
DA:7,1
DA:8,1
DA:9,1
DA:11,1
LF:9
LH:9
BRF:0
BRH:0
end_of_record
TN:
SF:src\routes\authRoutes.js
FNF:0
FNH:0
DA:1,1
DA:2,1
DA:3,1
DA:5,1
DA:6,1
DA:7,1
DA:8,1
DA:9,1
DA:11,1
LF:9
LH:9
BRF:0
BRH:0
end_of_record
TN:
SF:src\routes\bill.routes.js
FNF:0
FNH:0
DA:1,1
DA:2,1
DA:3,1
DA:4,1
DA:6,1
DA:7,1
DA:8,1
DA:9,1
DA:10,1
DA:12,1
LF:10
LH:10
BRF:0
BRH:0
end_of_record
TN:
SF:src\routes\civicRequest.routes.js
FNF:0
FNH:0
DA:1,1
DA:2,1
DA:3,1
DA:4,1
DA:7,1
DA:8,1
DA:9,1
DA:10,1
DA:11,1
DA:13,1
LF:10
LH:10
BRF:0
BRH:0
end_of_record
TN:
SF:src\routes\financialRoutes.js
FNF:0
FNH:0
DA:1,1
DA:2,1
DA:3,1
DA:5,1
DA:6,1
DA:7,1
DA:8,1
DA:9,1
DA:10,1
DA:12,1
LF:10
LH:10
BRF:0
BRH:0
end_of_record
TN:
SF:src\routes\healthRoutes.js
FNF:0
FNH:0
DA:1,1
DA:2,1
DA:3,1
DA:4,1
DA:7,1
DA:10,1
DA:11,1
DA:12,1
DA:15,1
DA:16,1
DA:17,1
DA:20,1
DA:21,1
DA:24,1
DA:25,1
DA:26,1
DA:27,1
DA:28,1
DA:30,1
LF:19
LH:19
BRF:0
BRH:0
end_of_record
TN:
SF:src\routes\houseMessageRoutes.js
FNF:0
FNH:0
DA:1,1
DA:2,1
DA:3,1
DA:4,1
DA:6,1
DA:7,1
DA:9,1
LF:7
LH:7
BRF:0
BRH:0
end_of_record
TN:
SF:src\routes\jobRoutes.js
FNF:0
FNH:0
DA:1,1
DA:2,1
DA:3,1
DA:5,1
DA:8,1
DA:11,1
DA:14,1
DA:17,1
DA:20,1
DA:22,1
LF:10
LH:10
BRF:0
BRH:0
end_of_record
TN:
SF:src\routes\loanRoutes.js
FNF:0
FNH:0
DA:1,1
DA:2,1
DA:3,1
DA:5,1
DA:6,1
DA:7,1
DA:8,1
DA:9,1
DA:12,1
LF:9
LH:9
BRF:0
BRH:0
end_of_record
TN:
SF:src\routes\meetingRoutes.js
FNF:0
FNH:0
DA:1,1
DA:2,1
DA:3,1
DA:5,1
DA:7,1
DA:8,1
DA:9,1
DA:10,1
DA:11,1
DA:12,1
DA:14,1
LF:11
LH:11
BRF:0
BRH:0
end_of_record
TN:
SF:src\routes\memberRoutes.js
FNF:0
FNH:0
DA:1,1
DA:2,1
DA:3,1
DA:5,1
DA:6,1
DA:7,1
DA:8,1
DA:10,1
LF:8
LH:8
BRF:0
BRH:0
end_of_record
TN:
SF:src\routes\reportRoutes.js
FNF:0
FNH:0
DA:1,1
DA:2,1
DA:3,1
DA:5,1
DA:6,1
DA:7,1
DA:9,1
LF:7
LH:7
BRF:0
BRH:0
end_of_record
TN:
SF:src\routes\shopRoutes.js
FNF:0
FNH:0
DA:1,1
DA:2,1
DA:3,1
DA:4,1
DA:5,1
DA:8,1
DA:11,1
DA:14,1
DA:15,1
DA:16,1
DA:17,1
DA:18,1
DA:19,1
DA:22,1
DA:23,1
DA:24,1
DA:27,1
DA:28,1
DA:29,1
DA:30,1
DA:32,1
DA:33,1
DA:35,1
LF:23
LH:23
BRF:0
BRH:0
end_of_record
TN:
SF:src\routes\userRoutes.js
FNF:0
FNH:0
DA:1,1
DA:2,1
DA:3,1
DA:4,1
DA:6,1
DA:7,1
DA:8,1
DA:9,1
DA:11,1
LF:9
LH:9
BRF:0
BRH:0
end_of_record
TN:
SF:src\routes\vehicleRoutes.js
FN:8,(anonymous_0)
FN:28,(anonymous_1)
FN:39,(anonymous_2)
FN:55,(anonymous_3)
FN:90,(anonymous_4)
FN:122,(anonymous_5)
FN:154,(anonymous_6)
FN:173,(anonymous_7)
FN:199,(anonymous_8)
FN:221,(anonymous_9)
FN:240,(anonymous_10)
FN:287,(anonymous_11)
FN:310,(anonymous_12)
FN:331,(anonymous_13)
FNF:14
FNH:0
FNDA:0,(anonymous_0)
FNDA:0,(anonymous_1)
FNDA:0,(anonymous_2)
FNDA:0,(anonymous_3)
FNDA:0,(anonymous_4)
FNDA:0,(anonymous_5)
FNDA:0,(anonymous_6)
FNDA:0,(anonymous_7)
FNDA:0,(anonymous_8)
FNDA:0,(anonymous_9)
FNDA:0,(anonymous_10)
FNDA:0,(anonymous_11)
FNDA:0,(anonymous_12)
FNDA:0,(anonymous_13)
DA:1,1
DA:2,1
DA:3,1
DA:4,1
DA:5,1
DA:8,1
DA:9,0
DA:10,0
DA:11,0
DA:20,0
DA:22,0
DA:23,0
DA:28,1
DA:29,0
DA:30,0
DA:31,0
DA:32,0
DA:34,0
DA:39,1
DA:40,0
DA:41,0
DA:42,0
DA:43,0
DA:44,0
DA:47,0
DA:48,0
DA:50,0
DA:55,1
DA:56,0
DA:57,0
DA:60,0
DA:61,0
DA:62,0
DA:65,0
DA:80,0
DA:81,0
DA:83,0
DA:85,0
DA:90,1
DA:91,0
DA:92,0
DA:96,0
DA:114,0
DA:116,0
DA:117,0
DA:122,1
DA:123,0
DA:124,0
DA:126,0
DA:127,0
DA:128,0
DA:131,0
DA:132,0
DA:133,0
DA:135,0
DA:138,0
DA:139,0
DA:140,0
DA:141,0
DA:142,0
DA:146,0
DA:148,0
DA:149,0
DA:154,1
DA:155,0
DA:156,0
DA:157,0
DA:165,0
DA:167,0
DA:168,0
DA:173,1
DA:174,0
DA:175,0
DA:177,0
DA:191,0
DA:193,0
DA:194,0
DA:199,1
DA:200,0
DA:201,0
DA:202,0
DA:204,0
DA:205,0
DA:206,0
DA:209,0
DA:210,0
DA:211,0
DA:213,0
DA:215,0
DA:216,0
DA:221,1
DA:222,0
DA:223,0
DA:224,0
DA:230,0
DA:231,0
DA:233,0
DA:235,0
DA:240,1
DA:241,0
DA:242,0
DA:245,0
DA:253,0
DA:255,0
DA:263,0
DA:264,0
DA:267,0
DA:277,0
DA:278,0
DA:280,0
DA:282,0
DA:287,1
DA:288,0
DA:289,0
DA:290,0
DA:292,0
DA:294,0
DA:295,0
DA:296,0
DA:299,0
DA:300,0
DA:302,0
DA:304,0
DA:305,0
DA:310,1
DA:311,0
DA:312,0
DA:313,0
DA:315,0
DA:316,0
DA:320,0
DA:322,0
DA:323,0
DA:325,0
DA:326,0
DA:331,1
DA:332,0
DA:333,0
DA:334,0
DA:336,0
DA:337,0
DA:340,0
DA:341,0
DA:342,0
DA:346,0
DA:347,0
DA:348,0
DA:350,0
DA:355,0
DA:357,0
DA:358,0
DA:362,1
LF:152
LH:20
BRDA:43,0,0,0
BRDA:43,0,1,0
BRDA:61,1,0,0
BRDA:61,1,1,0
BRDA:61,2,0,0
BRDA:61,2,1,0
BRDA:127,3,0,0
BRDA:127,3,1,0
BRDA:132,4,0,0
BRDA:132,4,1,0
BRDA:132,5,0,0
BRDA:132,5,1,0
BRDA:138,6,0,0
BRDA:138,6,1,0
BRDA:140,7,0,0
BRDA:140,7,1,0
BRDA:205,8,0,0
BRDA:205,8,1,0
BRDA:230,9,0,0
BRDA:230,9,1,0
BRDA:253,10,0,0
BRDA:253,10,1,0
BRDA:263,11,0,0
BRDA:263,11,1,0
BRDA:295,12,0,0
BRDA:295,12,1,0
BRDA:315,13,0,0
BRDA:315,13,1,0
BRDA:336,14,0,0
BRDA:336,14,1,0
BRDA:341,15,0,0
BRDA:341,15,1,0
BRF:32
BRH:0
end_of_record
TN:
SF:src\routes\wasteAiRoutes.js
FNF:0
FNH:0
DA:1,1
DA:2,1
DA:3,1
DA:5,1
DA:7,1
LF:5
LH:5
BRF:0
BRH:0
end_of_record
TN:
SF:src\routes\wasteComplaintRoutes.js
FNF:0
FNH:0
DA:1,1
DA:2,1
DA:3,1
DA:9,1
DA:12,1
DA:15,1
DA:16,1
DA:19,1
DA:20,1
DA:22,1
LF:10
LH:10
BRF:0
BRH:0
end_of_record
TN:
SF:src\routes\wastePickupRoutes.js
FNF:0
FNH:0
DA:1,1
DA:2,1
DA:3,1
DA:12,1
DA:15,1
DA:18,1
DA:19,1
DA:20,1
DA:21,1
DA:24,1
DA:25,1
DA:26,1
DA:28,1
LF:13
LH:13
BRF:0
BRH:0
end_of_record
TN:
SF:src\services\ai.service.js
FN:8,(anonymous_0)
FNF:1
FNH:0
FNDA:0,(anonymous_0)
DA:1,1
DA:2,1
DA:4,1
DA:6,1
DA:8,1
DA:10,0
DA:11,0
DA:12,0
DA:19,0
DA:20,0
DA:22,0
DA:47,0
DA:48,0
DA:49,0
DA:52,0
DA:53,0
DA:56,0
DA:58,0
LF:18
LH:5
BRDA:6,0,0,1
BRDA:6,0,1,0
BRDA:10,1,0,0
BRDA:10,1,1,0
BRDA:27,2,0,0
BRDA:27,2,1,0
BRDA:28,3,0,0
BRDA:28,3,1,0
BRF:8
BRH:1
end_of_record
TN:
SF:src\services\aiService.js
FN:10,(anonymous_0)
FNF:1
FNH:0
FNDA:0,(anonymous_0)
DA:1,0
DA:2,0
DA:4,0
DA:6,0
DA:10,0
DA:11,0
DA:13,0
DA:14,0
DA:36,0
DA:38,0
DA:39,0
LF:11
LH:0
BRDA:11,0,0,0
BRDA:11,0,1,0
BRF:2
BRH:0
end_of_record
TN:
SF:src\services\gemini.service.js
FN:13,(anonymous_0)
FN:23,(anonymous_1)
FN:59,(anonymous_2)
FNF:3
FNH:0
FNDA:0,(anonymous_0)
FNDA:0,(anonymous_1)
FNDA:0,(anonymous_2)
DA:1,1
DA:2,1
DA:4,1
DA:7,1
DA:8,0
DA:13,1
DA:14,0
DA:15,0
DA:19,1
DA:21,1
DA:23,1
DA:24,0
DA:25,0
DA:26,0
DA:28,0
DA:30,0
DA:42,0
DA:45,0
DA:47,0
DA:51,0
DA:52,0
DA:54,0
DA:55,0
DA:59,1
DA:60,0
DA:61,0
DA:62,0
DA:64,0
DA:66,0
DA:116,0
DA:117,0
DA:120,0
DA:121,0
DA:123,0
DA:124,0
DA:125,0
DA:127,0
DA:128,0
DA:131,0
DA:134,0
DA:176,1
LF:41
LH:10
BRDA:7,0,0,0
BRDA:7,0,1,1
BRDA:14,1,0,0
BRDA:14,1,1,0
BRDA:26,2,0,0
BRDA:26,2,1,0
BRDA:62,3,0,0
BRDA:62,3,1,0
BRDA:76,4,0,0
BRDA:76,4,1,0
BRDA:76,5,0,0
BRDA:76,5,1,0
BRDA:76,6,0,0
BRDA:76,6,1,0
BRDA:76,7,0,0
BRDA:76,7,1,0
BRDA:123,8,0,0
BRDA:123,8,1,0
BRDA:123,9,0,0
BRDA:123,9,1,0
BRDA:146,10,0,0
BRDA:146,10,1,0
BRDA:148,11,0,0
BRDA:148,11,1,0
BRDA:158,12,0,0
BRDA:158,12,1,0
BRDA:165,13,0,0
BRDA:165,13,1,0
BRDA:170,14,0,0
BRDA:170,14,1,0
BRDA:171,15,0,0
BRDA:171,15,1,0
BRF:32
BRH:1
end_of_record
TN:
SF:src\services\geminiService.js
FN:8,(anonymous_0)
FN:13,(anonymous_1)
FN:30,callAI
FN:103,(anonymous_3)
FN:147,(anonymous_4)
FN:196,(anonymous_5)
FN:240,(anonymous_6)
FN:269,(anonymous_7)
FN:296,generateFallbackReport
FN:324,(anonymous_9)
FN:353,(anonymous_10)
FN:362,(anonymous_11)
FNF:12
FNH:0
FNDA:0,(anonymous_0)
FNDA:0,(anonymous_1)
FNDA:0,callAI
FNDA:0,(anonymous_3)
FNDA:0,(anonymous_4)
FNDA:0,(anonymous_5)
FNDA:0,(anonymous_6)
FNDA:0,(anonymous_7)
FNDA:0,generateFallbackReport
FNDA:0,(anonymous_9)
FNDA:0,(anonymous_10)
FNDA:0,(anonymous_11)
DA:1,1
DA:2,1
DA:3,1
DA:4,1
DA:6,1
DA:8,1
DA:9,0
DA:10,0
DA:13,1
DA:15,0
DA:16,0
DA:17,0
DA:22,0
DA:23,0
DA:31,0
DA:34,0
DA:35,0
DA:36,0
DA:37,0
DA:38,0
DA:50,0
DA:51,0
DA:53,0
DA:54,0
DA:55,0
DA:56,0
DA:58,0
DA:61,0
DA:62,0
DA:67,0
DA:68,0
DA:71,0
DA:72,0
DA:73,0
DA:75,0
DA:76,0
DA:77,0
DA:78,0
DA:79,0
DA:80,0
DA:83,0
DA:84,0
DA:85,0
DA:87,0
DA:89,0
DA:90,0
DA:91,0
DA:92,0
DA:94,0
DA:97,0
DA:98,0
DA:99,0
DA:101,0
DA:102,0
DA:103,0
DA:104,0
DA:105,0
DA:106,0
DA:108,0
DA:109,0
DA:117,0
DA:119,0
DA:121,0
DA:122,0
DA:123,0
DA:124,0
DA:125,0
DA:126,0
DA:127,0
DA:128,0
DA:129,0
DA:131,0
DA:133,0
DA:134,0
DA:135,0
DA:136,0
DA:138,0
DA:141,0
DA:142,0
DA:143,0
DA:145,0
DA:146,0
DA:147,0
DA:148,0
DA:149,0
DA:150,0
DA:152,0
DA:153,0
DA:161,0
DA:162,0
DA:163,0
DA:164,0
DA:165,0
DA:176,0
DA:177,0
DA:179,0
DA:180,0
DA:181,0
DA:182,0
DA:184,0
DA:187,0
DA:191,0
DA:192,0
DA:193,0
DA:196,1
DA:198,0
DA:200,0
DA:214,0
DA:224,0
DA:225,0
DA:227,0
DA:228,0
DA:233,0
DA:235,0
DA:236,0
DA:240,1
DA:241,0
DA:254,0
DA:255,0
DA:256,0
DA:257,0
DA:259,0
DA:264,0
DA:265,0
DA:269,1
DA:270,0
DA:285,0
DA:286,0
DA:288,0
DA:289,0
DA:297,0
DA:299,0
DA:300,0
DA:301,0
DA:302,0
DA:303,0
DA:304,0
DA:305,0
DA:306,0
DA:307,0
DA:308,0
DA:309,0
DA:310,0
DA:311,0
DA:312,0
DA:313,0
DA:314,0
DA:315,0
DA:316,0
DA:317,0
DA:318,0
DA:319,0
DA:321,0
DA:322,0
DA:323,0
DA:324,0
DA:325,0
DA:327,0
DA:330,0
DA:331,0
DA:332,0
DA:333,0
DA:334,0
DA:336,0
DA:337,0
DA:338,0
DA:339,0
DA:340,0
DA:341,0
DA:342,0
DA:343,0
DA:344,0
DA:345,0
DA:346,0
DA:347,0
DA:348,0
DA:350,0
DA:351,0
DA:352,0
DA:353,0
DA:354,0
DA:356,0
DA:359,0
DA:360,0
DA:361,0
DA:362,0
DA:363,0
DA:365,0
DA:368,0
DA:369,0
DA:370,0
DA:371,0
DA:372,0
DA:374,0
DA:375,0
DA:376,0
DA:377,0
DA:378,0
DA:379,0
DA:380,0
DA:381,0
DA:382,0
DA:383,0
DA:384,0
DA:385,0
DA:386,0
DA:388,0
DA:389,0
DA:390,0
DA:391,0
DA:392,0
DA:393,0
DA:396,0
DA:397,0
DA:398,0
DA:399,0
DA:400,0
DA:403,0
LF:218
LH:10
BRDA:9,0,0,0
BRDA:9,0,1,0
BRDA:15,1,0,0
BRDA:15,1,1,0
BRDA:30,2,0,0
BRDA:31,3,0,0
BRDA:31,3,1,0
BRDA:31,3,2,0
BRDA:31,3,3,0
BRDA:34,4,0,0
BRDA:34,4,1,0
BRDA:34,5,0,0
BRDA:34,5,1,0
BRDA:37,6,0,0
BRDA:37,6,1,0
BRDA:51,7,0,0
BRDA:51,7,1,0
BRDA:61,8,0,0
BRDA:61,8,1,0
BRDA:75,9,0,0
BRDA:75,9,1,0
BRDA:87,10,0,0
BRDA:87,10,1,0
BRDA:97,11,0,0
BRDA:97,11,1,0
BRDA:97,11,2,0
BRDA:98,12,0,0
BRDA:98,12,1,0
BRDA:98,12,2,0
BRDA:99,13,0,0
BRDA:99,13,1,0
BRDA:99,13,2,0
BRDA:101,14,0,0
BRDA:101,14,1,0
BRDA:101,15,0,0
BRDA:101,15,1,0
BRDA:104,16,0,0
BRDA:104,16,1,0
BRDA:104,17,0,0
BRDA:104,17,1,0
BRDA:104,17,2,0
BRDA:104,17,3,0
BRDA:104,17,4,0
BRDA:121,18,0,0
BRDA:121,18,1,0
BRDA:131,19,0,0
BRDA:131,19,1,0
BRDA:141,20,0,0
BRDA:141,20,1,0
BRDA:141,20,2,0
BRDA:142,21,0,0
BRDA:142,21,1,0
BRDA:142,21,2,0
BRDA:143,22,0,0
BRDA:143,22,1,0
BRDA:143,22,2,0
BRDA:145,23,0,0
BRDA:145,23,1,0
BRDA:145,24,0,0
BRDA:145,24,1,0
BRDA:148,25,0,0
BRDA:148,25,1,0
BRDA:148,26,0,0
BRDA:148,26,1,0
BRDA:148,26,2,0
BRDA:149,27,0,0
BRDA:149,27,1,0
BRDA:161,28,0,0
BRDA:161,28,1,0
BRDA:161,29,0,0
BRDA:161,29,1,0
BRDA:164,30,0,0
BRDA:164,30,1,0
BRDA:177,31,0,0
BRDA:177,31,1,0
BRDA:187,32,0,0
BRDA:187,32,1,0
BRDA:218,33,0,0
BRDA:218,33,1,0
BRDA:227,34,0,0
BRDA:227,34,1,0
BRDA:256,35,0,0
BRDA:256,35,1,0
BRDA:299,36,0,0
BRDA:299,36,1,0
BRDA:300,37,0,0
BRDA:300,37,1,0
BRDA:305,38,0,0
BRDA:305,38,1,0
BRDA:305,39,0,0
BRDA:305,39,1,0
BRDA:308,40,0,0
BRDA:308,40,1,0
BRDA:309,41,0,0
BRDA:309,41,1,0
BRDA:310,42,0,0
BRDA:310,42,1,0
BRDA:311,43,0,0
BRDA:311,43,1,0
BRDA:312,44,0,0
BRDA:312,44,1,0
BRDA:313,45,0,0
BRDA:313,45,1,0
BRDA:316,46,0,0
BRDA:316,46,1,0
BRDA:317,47,0,0
BRDA:317,47,1,0
BRDA:318,48,0,0
BRDA:318,48,1,0
BRDA:319,49,0,0
BRDA:319,49,1,0
BRDA:321,50,0,0
BRDA:321,50,1,0
BRDA:321,51,0,0
BRDA:321,51,1,0
BRDA:331,52,0,0
BRDA:331,52,1,0
BRDA:332,53,0,0
BRDA:332,53,1,0
BRDA:333,54,0,0
BRDA:333,54,1,0
BRDA:336,55,0,0
BRDA:336,55,1,0
BRDA:337,56,0,0
BRDA:337,56,1,0
BRDA:341,57,0,0
BRDA:341,57,1,0
BRDA:342,58,0,0
BRDA:342,58,1,0
BRDA:345,59,0,0
BRDA:345,59,1,0
BRDA:346,60,0,0
BRDA:346,60,1,0
BRDA:347,61,0,0
BRDA:347,61,1,0
BRDA:348,62,0,0
BRDA:348,62,1,0
BRDA:350,63,0,0
BRDA:350,63,1,0
BRDA:350,64,0,0
BRDA:350,64,1,0
BRDA:359,65,0,0
BRDA:359,65,1,0
BRDA:359,66,0,0
BRDA:359,66,1,0
BRDA:369,67,0,0
BRDA:369,67,1,0
BRDA:374,68,0,0
BRDA:374,68,1,0
BRDA:375,69,0,0
BRDA:375,69,1,0
BRDA:382,70,0,0
BRDA:382,70,1,0
BRDA:383,71,0,0
BRDA:383,71,1,0
BRDA:384,72,0,0
BRDA:384,72,1,0
BRDA:385,73,0,0
BRDA:385,73,1,0
BRDA:386,74,0,0
BRDA:386,74,1,0
BRDA:388,75,0,0
BRDA:388,75,1,0
BRDA:391,76,0,0
BRDA:391,76,1,0
BRDA:392,77,0,0
BRDA:392,77,1,0
BRDA:393,78,0,0
BRDA:393,78,1,0
BRDA:397,79,0,0
BRDA:397,79,1,0
BRDA:398,80,0,0
BRDA:398,80,1,0
BRF:173
BRH:0
end_of_record
TN:
SF:src\services\jobScraper.service.js
FN:4,(anonymous_0)
FNF:1
FNH:0
FNDA:0,(anonymous_0)
DA:1,1
DA:2,1
DA:4,1
DA:5,0
DA:6,0
DA:9,0
DA:13,0
DA:14,0
DA:15,0
DA:18,0
DA:19,0
DA:21,0
DA:22,0
DA:23,0
DA:25,0
DA:26,0
DA:37,0
DA:39,0
DA:43,0
DA:46,0
DA:50,1
LF:21
LH:4
BRDA:13,0,0,0
BRDA:13,0,1,0
BRDA:13,1,0,0
BRDA:13,1,1,0
BRDA:13,1,2,0
BRDA:22,2,0,0
BRDA:22,2,1,0
BRDA:23,3,0,0
BRDA:23,3,1,0
BRDA:29,4,0,0
BRDA:29,4,1,0
BRDA:30,5,0,0
BRDA:30,5,1,0
BRDA:31,6,0,0
BRDA:31,6,1,0
BRDA:32,7,0,0
BRDA:32,7,1,0
BRDA:32,8,0,0
BRDA:32,8,1,0
BRDA:33,9,0,0
BRDA:33,9,1,0
BRDA:34,10,0,0
BRDA:34,10,1,0
BRDA:37,11,0,0
BRDA:37,11,1,0
BRF:25
BRH:0
end_of_record
TN:
SF:src\services\s3Service.js
FN:12,(anonymous_0)
FN:25,(anonymous_1)
FN:33,(anonymous_2)
FNF:3
FNH:0
FNDA:0,(anonymous_0)
FNDA:0,(anonymous_1)
FNDA:0,(anonymous_2)
DA:1,0
DA:2,0
DA:4,0
DA:6,0
DA:12,0
DA:15,0
DA:22,0
DA:25,0
DA:26,0
DA:30,0
DA:33,0
DA:34,0
DA:39,0
LF:13
LH:0
BRF:0
BRH:0
end_of_record
TN:
SF:src\services\transcriptionService.js
FN:16,(anonymous_0)
FN:65,(anonymous_1)
FN:82,(anonymous_2)
FNF:3
FNH:0
FNDA:0,(anonymous_0)
FNDA:0,(anonymous_1)
FNDA:0,(anonymous_2)
DA:1,0
DA:2,0
DA:3,0
DA:7,0
DA:8,0
DA:9,0
DA:10,0
DA:13,0
DA:16,0
DA:17,0
DA:18,0
DA:21,0
DA:26,0
DA:27,0
DA:29,0
DA:30,0
DA:31,0
DA:32,0
DA:33,0
DA:34,0
DA:37,0
DA:41,0
DA:50,0
DA:51,0
DA:54,0
DA:59,0
DA:62,0
DA:64,0
DA:65,0
DA:68,0
DA:69,0
DA:71,0
DA:74,0
DA:75,0
DA:77,0
DA:82,0
DA:84,0
LF:37
LH:0
BRDA:8,0,0,0
BRDA:8,0,1,0
BRDA:17,1,0,0
BRDA:17,1,1,0
BRDA:29,2,0,0
BRDA:29,2,1,0
BRDA:32,3,0,0
BRDA:32,3,1,0
BRDA:32,4,0,0
BRDA:32,4,1,0
BRDA:50,5,0,0
BRDA:50,5,1,0
BRDA:71,6,0,0
BRDA:71,6,1,0
BRDA:74,7,0,0
BRDA:74,7,1,0
BRDA:74,8,0,0
BRDA:74,8,1,0
BRF:18
BRH:0
end_of_record
TN:
SF:src\sockets\meetingSocket.js
FN:4,(anonymous_0)
FN:5,(anonymous_1)
FN:11,(anonymous_2)
FN:22,(anonymous_3)
FN:36,(anonymous_4)
FN:66,(anonymous_5)
FNF:6
FNH:0
FNDA:0,(anonymous_0)
FNDA:0,(anonymous_1)
FNDA:0,(anonymous_2)
FNDA:0,(anonymous_3)
FNDA:0,(anonymous_4)
FNDA:0,(anonymous_5)
DA:1,0
DA:2,0
DA:4,0
DA:5,0
DA:6,0
DA:8,0
DA:9,0
DA:11,0
DA:12,0
DA:13,0
DA:14,0
DA:15,0
DA:16,0
DA:18,0
DA:22,0
DA:23,0
DA:25,0
DA:26,0
DA:27,0
DA:28,0
DA:29,0
DA:32,0
DA:36,0
DA:37,0
DA:38,0
DA:40,0
DA:42,0
DA:44,0
DA:46,0
DA:52,0
DA:57,0
DA:58,0
DA:59,0
DA:62,0
DA:63,0
DA:66,0
DA:67,0
LF:37
LH:0
BRDA:23,0,0,0
BRDA:23,0,1,0
BRDA:23,1,0,0
BRDA:23,1,1,0
BRDA:26,2,0,0
BRDA:26,2,1,0
BRDA:27,3,0,0
BRDA:27,3,1,0
BRDA:37,4,0,0
BRDA:37,4,1,0
BRF:10
BRH:0
end_of_record
